Unity Editor version:    2021.3.16f1 (4016570cf34f)
Branch:                  2021.3/staging
Build type:              Release
Batch mode:              YES
macOS version:           Version 13.0.1 (Build 22A400)
Darwin version:          22.1.0
Architecture:            arm64
Running under Rosetta:   NO
Available memory:        16384 MB
Using pre-set license
Pro License: YES

COMMAND LINE ARGUMENTS:
/Applications/Unity/Hub/Editor/2021.3.16f1/Unity.app/Contents/MacOS/Unity
-adb2
-batchMode
-noUpm
-name
AssetImportWorker0
-projectPath
/Users/fannysjostrom/TechTurtles
-logFile
Logs/AssetImportWorker0.log
-srvPort
58364
Successfully changed project path to: /Users/fannysjostrom/TechTurtles
/Users/fannysjostrom/TechTurtles
[UnityMemory] Configuration Parameters - Can be set up in boot.config
    "memorysetup-bucket-allocator-granularity=16"
    "memorysetup-bucket-allocator-bucket-count=8"
    "memorysetup-bucket-allocator-block-size=33554432"
    "memorysetup-bucket-allocator-block-count=8"
    "memorysetup-main-allocator-block-size=16777216"
    "memorysetup-thread-allocator-block-size=16777216"
    "memorysetup-gfx-main-allocator-block-size=16777216"
    "memorysetup-gfx-thread-allocator-block-size=16777216"
    "memorysetup-cache-allocator-block-size=4194304"
    "memorysetup-typetree-allocator-block-size=2097152"
    "memorysetup-profiler-bucket-allocator-granularity=16"
    "memorysetup-profiler-bucket-allocator-bucket-count=8"
    "memorysetup-profiler-bucket-allocator-block-size=33554432"
    "memorysetup-profiler-bucket-allocator-block-count=8"
    "memorysetup-profiler-allocator-block-size=16777216"
    "memorysetup-profiler-editor-allocator-block-size=1048576"
    "memorysetup-temp-allocator-size-main=16777216"
    "memorysetup-job-temp-allocator-block-size=2097152"
    "memorysetup-job-temp-allocator-block-size-background=1048576"
    "memorysetup-job-temp-allocator-reduction-small-platforms=262144"
    "memorysetup-temp-allocator-size-background-worker=32768"
    "memorysetup-temp-allocator-size-job-worker=262144"
    "memorysetup-temp-allocator-size-preload-manager=33554432"
    "memorysetup-temp-allocator-size-nav-mesh-worker=65536"
    "memorysetup-temp-allocator-size-audio-worker=65536"
    "memorysetup-temp-allocator-size-cloud-worker=32768"
    "memorysetup-temp-allocator-size-gi-baking-worker=262144"
    "memorysetup-temp-allocator-size-gfx=262144"
Player connection [8321623296] Host "[IP] 10.0.58.75 [Port] 0 [Flags] 2 [Guid] 491442361 [EditorId] 491442361 [Version] 1048832 [Id] OSXEditor(0,MacBook-Air-som-tillhor-Fanny.local) [Debug] 1 [PackageName] OSXEditor [ProjectName] Editor" joined multi-casting on [225.0.0.222:54997]...

Player connection [8321623296] Host "[IP] 10.0.58.75 [Port] 0 [Flags] 2 [Guid] 491442361 [EditorId] 491442361 [Version] 1048832 [Id] OSXEditor(0,MacBook-Air-som-tillhor-Fanny.local) [Debug] 1 [PackageName] OSXEditor [ProjectName] Editor" joined alternative multi-casting on [225.0.0.222:34997]...

Refreshing native plugins compatible for Editor in 85.91 ms, found 3 plugins.
Preloading 0 native plugins for Editor in 0.00 ms.
Initialize engine version: 2021.3.16f1 (4016570cf34f)
[Subsystems] Discovering subsystems at path /Applications/Unity/Hub/Editor/2021.3.16f1/Unity.app/Contents/Resources/UnitySubsystems
[Subsystems] Discovering subsystems at path /Users/fannysjostrom/TechTurtles/Assets
GfxDevice: creating device client; threaded=0; jobified=0
 preferred device: Apple M1 (high power)
Metal devices available: 1
0: Apple M1 (high power)
Using device Apple M1 (high power)
Initializing Metal device caps: Apple M1
Initialize mono
Mono path[0] = '/Applications/Unity/Hub/Editor/2021.3.16f1/Unity.app/Contents/Managed'
Mono path[1] = '/Applications/Unity/Hub/Editor/2021.3.16f1/Unity.app/Contents/MonoBleedingEdge/lib/mono/unityjit-macos'
Mono config path = '/Applications/Unity/Hub/Editor/2021.3.16f1/Unity.app/Contents/MonoBleedingEdge/etc'
Using monoOptions --debugger-agent=transport=dt_socket,embedding=1,server=y,suspend=n,address=127.0.0.1:56125
Begin MonoManager ReloadAssembly
Registering precompiled unity dll's ...
Register platform support module: /Applications/Unity/Hub/Editor/2021.3.16f1/Unity.app/Contents/PlaybackEngines/MacStandaloneSupport/UnityEditor.OSXStandalone.Extensions.dll
Registered in 0.002066 seconds.
Native extension for OSXStandalone target not found
Refreshing native plugins compatible for Editor in 81.50 ms, found 3 plugins.
Preloading 0 native plugins for Editor in 0.00 ms.
Mono: successfully reloaded assembly
- Completed reload, in  0.456 seconds
Domain Reload Profiling:
	ReloadAssembly (456ms)
		BeginReloadAssembly (70ms)
			ExecutionOrderSort (0ms)
			DisableScriptedObjects (0ms)
			BackupInstance (0ms)
			ReleaseScriptingObjects (0ms)
			CreateAndSetChildDomain (0ms)
		EndReloadAssembly (320ms)
			LoadAssemblies (71ms)
			RebuildTransferFunctionScriptingTraits (0ms)
			SetupTypeCache (66ms)
			ReleaseScriptCaches (0ms)
			RebuildScriptCaches (19ms)
			SetupLoadedEditorAssemblies (207ms)
				LogAssemblyErrors (0ms)
				InitializePlatformSupportModulesInManaged (3ms)
				SetLoadedEditorAssemblies (0ms)
				RefreshPlugins (82ms)
				BeforeProcessingInitializeOnLoad (1ms)
				ProcessInitializeOnLoadAttributes (98ms)
				ProcessInitializeOnLoadMethodAttributes (23ms)
				AfterProcessingInitializeOnLoad (0ms)
				EditorAssembliesLoaded (0ms)
			ExecutionOrderSort2 (0ms)
			AwakeInstancesAfterBackupRestoration (0ms)
Platform modules already initialized, skipping
Registering precompiled user dll's ...
Registered in 0.007273 seconds.
Begin MonoManager ReloadAssembly
Symbol file LoadedFromMemory doesn't match image /Users/fannysjostrom/TechTurtles/Library/PackageCache/com.unity.visualscripting@1.8.0/Editor/VisualScripting.Core/Dependencies/YamlDotNet/Unity.VisualScripting.YamlDotNet.dll
Symbol file LoadedFromMemory doesn't match image /Users/fannysjostrom/TechTurtles/Library/PackageCache/com.unity.visualscripting@1.8.0/Editor/VisualScripting.Core/Dependencies/DotNetZip/Unity.VisualScripting.IonicZip.dll
Native extension for OSXStandalone target not found
Refreshing native plugins compatible for Editor in 80.54 ms, found 3 plugins.
Preloading 0 native plugins for Editor in 0.00 ms.
Mono: successfully reloaded assembly
- Completed reload, in  0.775 seconds
Domain Reload Profiling:
	ReloadAssembly (776ms)
		BeginReloadAssembly (58ms)
			ExecutionOrderSort (0ms)
			DisableScriptedObjects (3ms)
			BackupInstance (0ms)
			ReleaseScriptingObjects (0ms)
			CreateAndSetChildDomain (15ms)
		EndReloadAssembly (645ms)
			LoadAssemblies (60ms)
			RebuildTransferFunctionScriptingTraits (0ms)
			SetupTypeCache (165ms)
			ReleaseScriptCaches (0ms)
			RebuildScriptCaches (37ms)
			SetupLoadedEditorAssemblies (353ms)
				LogAssemblyErrors (0ms)
				InitializePlatformSupportModulesInManaged (2ms)
				SetLoadedEditorAssemblies (0ms)
				RefreshPlugins (81ms)
				BeforeProcessingInitializeOnLoad (64ms)
				ProcessInitializeOnLoadAttributes (181ms)
				ProcessInitializeOnLoadMethodAttributes (24ms)
				AfterProcessingInitializeOnLoad (1ms)
				EditorAssembliesLoaded (0ms)
			ExecutionOrderSort2 (0ms)
			AwakeInstancesAfterBackupRestoration (2ms)
Platform modules already initialized, skipping
========================================================================
Worker process is ready to serve import requests
Launching external process: /Applications/Unity/Hub/Editor/2021.3.16f1/Unity.app/Contents/Tools/UnityShaderCompiler
Launched and connected shader compiler UnityShaderCompiler after 0.05 seconds
Refreshing native plugins compatible for Editor in 0.55 ms, found 3 plugins.
Preloading 0 native plugins for Editor in 0.00 ms.
Unloading 4400 Unused Serialized files (Serialized files now loaded: 0)
Unloading 41 unused Assets / (301.8 KB). Loaded Objects now: 4858.
Memory consumption went from 158.9 MB to 158.6 MB.
Total: 2.856209 ms (FindLiveObjects: 0.148708 ms CreateObjectMapping: 0.057958 ms MarkObjects: 2.592708 ms  DeleteObjects: 0.056084 ms)

AssetImportParameters requested are different than current active one (requested -> active):
  custom:video-decoder-ogg-theora: a1e56fd34408186e4bbccfd4996cb3dc -> 
  custom:container-muxer-webm: aa71ff27fc2769a1b78a27578f13a17b -> 
  custom:container-demuxer-webm: 4f35f7cbe854078d1ac9338744f61a02 -> 
  custom:video-encoder-webm-vp8: eb34c28f22e8b96e1ab97ce403110664 -> 
  custom:framework-osx-AVFoundation: e770b220cccbd017edd2c1fefb359320 -> 
  custom:audio-encoder-webm-vorbis: bf7c407c2cedff20999df2af8eb42d56 -> 
  custom:container-demuxer-ogg: 62fdf1f143b41e24485cea50d1cbac27 -> 
  custom:video-decoder-webm-vp8: 9c59270c3fd7afecdb556c50c9e8de78 -> 
  custom:audio-decoder-ogg-vorbis: bf7c407c2cedff20999df2af8eb42d56 -> 
========================================================================
Received Import Request.
  Time since last request: 952216.197182 seconds.
  path: Assets/Animations/Hat_man1.controller
  artifactKey: Guid(407feab2a248148859351ab17478bafc) Importer(2089858483,0ecaa5967403d082aa24f35e1b516d23)
Start importing Assets/Animations/Hat_man1.controller using Guid(407feab2a248148859351ab17478bafc) Importer(2089858483,0ecaa5967403d082aa24f35e1b516d23)  -> (artifact id: '6b0292e3b7e3fee8c3a8858078561b02') in 0.724525 seconds 
========================================================================
Received Import Request.
  Time since last request: 0.000065 seconds.
  path: Assets/Pics/goldCoin4.png
  artifactKey: Guid(97f438ac518a2465fa5cd26bdaa9f661) Importer(2089858483,0ecaa5967403d082aa24f35e1b516d23)
Start importing Assets/Pics/goldCoin4.png using Guid(97f438ac518a2465fa5cd26bdaa9f661) Importer(2089858483,0ecaa5967403d082aa24f35e1b516d23)  -> (artifact id: '92123d5e29fc09418e144b08f0d1ad11') in 0.066018 seconds 
========================================================================
Received Import Request.
  Time since last request: 0.000053 seconds.
  path: Assets/Animations/goldCoin1.controller
  artifactKey: Guid(df0efa3a660c9492eb9719bf4b9b8135) Importer(2089858483,0ecaa5967403d082aa24f35e1b516d23)
Start importing Assets/Animations/goldCoin1.controller using Guid(df0efa3a660c9492eb9719bf4b9b8135) Importer(2089858483,0ecaa5967403d082aa24f35e1b516d23)  -> (artifact id: '53ef467ff2185e6d8725700b485b7d71') in 0.002889 seconds 
========================================================================
Received Import Request.
  Time since last request: 0.000036 seconds.
  path: Assets/Pics/Hat_man1.controller
  artifactKey: Guid(dd899d43a9e1c47aa99180f6622e3eac) Importer(2089858483,0ecaa5967403d082aa24f35e1b516d23)
Start importing Assets/Pics/Hat_man1.controller using Guid(dd899d43a9e1c47aa99180f6622e3eac) Importer(2089858483,0ecaa5967403d082aa24f35e1b516d23)  -> (artifact id: 'b4c3ae0cc4bb12bee9481c06a709c38c') in 0.002229 seconds 
========================================================================
Received Import Request.
  Time since last request: 0.000040 seconds.
  path: Assets/Animations/manihati.anim
  artifactKey: Guid(b765bb358571542f9a071b471ab33d26) Importer(2089858483,0ecaa5967403d082aa24f35e1b516d23)
Start importing Assets/Animations/manihati.anim using Guid(b765bb358571542f9a071b471ab33d26) Importer(2089858483,0ecaa5967403d082aa24f35e1b516d23)  -> (artifact id: '1f34bcf775f59cc27f6989c100a1c00b') in 0.032747 seconds 
========================================================================
Received Import Request.
  Time since last request: 0.000082 seconds.
  path: Assets/Scrips/HatiMani.cs
  artifactKey: Guid(277431e5088dc4b5089d7c3d3861d03a) Importer(2089858483,0ecaa5967403d082aa24f35e1b516d23)
Start importing Assets/Scrips/HatiMani.cs using Guid(277431e5088dc4b5089d7c3d3861d03a) Importer(2089858483,0ecaa5967403d082aa24f35e1b516d23)  -> (artifact id: '05d9602cacf46751147cf1874870ccd0') in 0.098584 seconds 
========================================================================
Received Import Request.
  Time since last request: 0.000064 seconds.
  path: Assets/Pics/goldCoin1.png
  artifactKey: Guid(9b998bacf86d645e3b533d09ed798a9e) Importer(2089858483,0ecaa5967403d082aa24f35e1b516d23)
Start importing Assets/Pics/goldCoin1.png using Guid(9b998bacf86d645e3b533d09ed798a9e) Importer(2089858483,0ecaa5967403d082aa24f35e1b516d23)  -> (artifact id: '7d2ca9044469836cab1eb676dbc1dbcb') in 0.008871 seconds 
========================================================================
Received Import Request.
  Time since last request: 0.000060 seconds.
  path: Assets/Pics/goldCoin9.png
  artifactKey: Guid(902b1af140dc54f69a4c00468c42d90f) Importer(2089858483,0ecaa5967403d082aa24f35e1b516d23)
Start importing Assets/Pics/goldCoin9.png using Guid(902b1af140dc54f69a4c00468c42d90f) Importer(2089858483,0ecaa5967403d082aa24f35e1b516d23)  -> (artifact id: 'd21cbe52a61147988be333c55eb1d040') in 0.008210 seconds 
========================================================================
Received Import Request.
  Time since last request: 0.000057 seconds.
  path: Assets/Pics/tree.png
  artifactKey: Guid(fda9437a4f6894735a408fd2c3dfcec5) Importer(2089858483,0ecaa5967403d082aa24f35e1b516d23)
Start importing Assets/Pics/tree.png using Guid(fda9437a4f6894735a408fd2c3dfcec5) Importer(2089858483,0ecaa5967403d082aa24f35e1b516d23)  -> (artifact id: '222670b93e1c90d2247feddfabe151ab') in 0.009072 seconds 
========================================================================
Received Import Request.
  Time since last request: 0.000062 seconds.
  path: Assets/Pics/Hat_man4.png
  artifactKey: Guid(8f23043e21a1c432c90f4665b9add157) Importer(2089858483,0ecaa5967403d082aa24f35e1b516d23)
Start importing Assets/Pics/Hat_man4.png using Guid(8f23043e21a1c432c90f4665b9add157) Importer(2089858483,0ecaa5967403d082aa24f35e1b516d23)  -> (artifact id: 'd8de219d7a453b221810a0cf05dcc12f') in 0.008944 seconds 
========================================================================
Received Import Request.
  Time since last request: 0.000045 seconds.
  path: Assets/Animations/Coins.anim
  artifactKey: Guid(f19c4039235154e84becdadd5a20e36e) Importer(2089858483,0ecaa5967403d082aa24f35e1b516d23)
Start importing Assets/Animations/Coins.anim using Guid(f19c4039235154e84becdadd5a20e36e) Importer(2089858483,0ecaa5967403d082aa24f35e1b516d23)  -> (artifact id: '40ebff07785103a1b2d0e71ca342e42c') in 0.003223 seconds 
========================================================================
Received Import Request.
  Time since last request: 0.000073 seconds.
  path: Assets/Pics/goldCoin3.png
  artifactKey: Guid(a70887b1e2b3d4099bb8ae06598ea8b9) Importer(2089858483,0ecaa5967403d082aa24f35e1b516d23)
Start importing Assets/Pics/goldCoin3.png using Guid(a70887b1e2b3d4099bb8ae06598ea8b9) Importer(2089858483,0ecaa5967403d082aa24f35e1b516d23)  -> (artifact id: 'cb4bd55ed13f7209b24dac9795865d5d') in 0.008813 seconds 
========================================================================
Received Import Request.
  Time since last request: 0.000092 seconds.
  path: Assets/Pics/New Piskel.gif
  artifactKey: Guid(493ca192465994c2fbc76da9a10ea750) Importer(2089858483,0ecaa5967403d082aa24f35e1b516d23)
Start importing Assets/Pics/New Piskel.gif using Guid(493ca192465994c2fbc76da9a10ea750) Importer(2089858483,0ecaa5967403d082aa24f35e1b516d23)  -> (artifact id: '2e4bc46dd23d3f20bbaa4b5cbdccc7ae') in 0.257910 seconds 
========================================================================
Received Import Request.
  Time since last request: 0.000059 seconds.
  path: Assets/Pics/goldCoin6.png
  artifactKey: Guid(70754c21be9874d96971eb18560ec120) Importer(2089858483,0ecaa5967403d082aa24f35e1b516d23)
Start importing Assets/Pics/goldCoin6.png using Guid(70754c21be9874d96971eb18560ec120) Importer(2089858483,0ecaa5967403d082aa24f35e1b516d23)  -> (artifact id: '631c901172f37723103d10bf8ff6ae78') in 0.008553 seconds 
========================================================================
Received Import Request.
  Time since last request: 0.000064 seconds.
  path: Assets/Hatimani.unity
  artifactKey: Guid(433d24d83f7644aaf948906ddb975dda) Importer(2089858483,0ecaa5967403d082aa24f35e1b516d23)
Start importing Assets/Hatimani.unity using Guid(433d24d83f7644aaf948906ddb975dda) Importer(2089858483,0ecaa5967403d082aa24f35e1b516d23)  -> (artifact id: '85ab3d870d8b83961240aa6edb0296dc') in 0.001565 seconds 
========================================================================
Received Prepare
Refreshing native plugins compatible for Editor in 1.79 ms, found 3 plugins.
Preloading 0 native plugins for Editor in 0.00 ms.
Unloading 27 Unused Serialized files (Serialized files now loaded: 0)
Unloading 27 unused Assets / (39.2 KB). Loaded Objects now: 4858.
Memory consumption went from 91.5 MB to 91.4 MB.
Total: 2.916458 ms (FindLiveObjects: 0.150750 ms CreateObjectMapping: 0.053333 ms MarkObjects: 2.670458 ms  DeleteObjects: 0.041583 ms)

AssetImportParameters requested are different than current active one (requested -> active):
  custom:video-decoder-ogg-theora: a1e56fd34408186e4bbccfd4996cb3dc -> 
  custom:container-muxer-webm: aa71ff27fc2769a1b78a27578f13a17b -> 
  custom:container-demuxer-webm: 4f35f7cbe854078d1ac9338744f61a02 -> 
  custom:video-encoder-webm-vp8: eb34c28f22e8b96e1ab97ce403110664 -> 
  custom:framework-osx-AVFoundation: e770b220cccbd017edd2c1fefb359320 -> 
  custom:audio-encoder-webm-vorbis: bf7c407c2cedff20999df2af8eb42d56 -> 
  custom:SearchIndexIgnoredProperties: e643bd26f0fe6173181afceb89e7c659 -> 
  custom:container-demuxer-ogg: 62fdf1f143b41e24485cea50d1cbac27 -> 
  custom:video-decoder-webm-vp8: 9c59270c3fd7afecdb556c50c9e8de78 -> 
  custom:audio-decoder-ogg-vorbis: bf7c407c2cedff20999df2af8eb42d56 -> 
