Unity Editor version:    2021.3.16f1 (4016570cf34f)
Branch:                  2021.3/staging
Build type:              Release
Batch mode:              YES
macOS version:           Version 13.0.1 (Build 22A400)
Darwin version:          22.1.0
Architecture:            arm64
Running under Rosetta:   NO
Available memory:        16384 MB
Using pre-set license
Pro License: YES

COMMAND LINE ARGUMENTS:
/Applications/Unity/Hub/Editor/2021.3.16f1/Unity.app/Contents/MacOS/Unity
-adb2
-batchMode
-noUpm
-name
AssetImportWorker1
-projectPath
/Users/fannysjostrom/TechTurtles
-logFile
Logs/AssetImportWorker1.log
-srvPort
58364
Successfully changed project path to: /Users/fannysjostrom/TechTurtles
/Users/fannysjostrom/TechTurtles
[UnityMemory] Configuration Parameters - Can be set up in boot.config
    "memorysetup-bucket-allocator-granularity=16"
    "memorysetup-bucket-allocator-bucket-count=8"
    "memorysetup-bucket-allocator-block-size=33554432"
    "memorysetup-bucket-allocator-block-count=8"
    "memorysetup-main-allocator-block-size=16777216"
    "memorysetup-thread-allocator-block-size=16777216"
    "memorysetup-gfx-main-allocator-block-size=16777216"
    "memorysetup-gfx-thread-allocator-block-size=16777216"
    "memorysetup-cache-allocator-block-size=4194304"
    "memorysetup-typetree-allocator-block-size=2097152"
    "memorysetup-profiler-bucket-allocator-granularity=16"
    "memorysetup-profiler-bucket-allocator-bucket-count=8"
    "memorysetup-profiler-bucket-allocator-block-size=33554432"
    "memorysetup-profiler-bucket-allocator-block-count=8"
    "memorysetup-profiler-allocator-block-size=16777216"
    "memorysetup-profiler-editor-allocator-block-size=1048576"
    "memorysetup-temp-allocator-size-main=16777216"
    "memorysetup-job-temp-allocator-block-size=2097152"
    "memorysetup-job-temp-allocator-block-size-background=1048576"
    "memorysetup-job-temp-allocator-reduction-small-platforms=262144"
    "memorysetup-temp-allocator-size-background-worker=32768"
    "memorysetup-temp-allocator-size-job-worker=262144"
    "memorysetup-temp-allocator-size-preload-manager=33554432"
    "memorysetup-temp-allocator-size-nav-mesh-worker=65536"
    "memorysetup-temp-allocator-size-audio-worker=65536"
    "memorysetup-temp-allocator-size-cloud-worker=32768"
    "memorysetup-temp-allocator-size-gi-baking-worker=262144"
    "memorysetup-temp-allocator-size-gfx=262144"
Player connection [8321623296] Host "[IP] 10.0.58.75 [Port] 0 [Flags] 2 [Guid] 304184193 [EditorId] 304184193 [Version] 1048832 [Id] OSXEditor(0,MacBook-Air-som-tillhor-Fanny.local) [Debug] 1 [PackageName] OSXEditor [ProjectName] Editor" joined multi-casting on [225.0.0.222:54997]...

Player connection [8321623296] Host "[IP] 10.0.58.75 [Port] 0 [Flags] 2 [Guid] 304184193 [EditorId] 304184193 [Version] 1048832 [Id] OSXEditor(0,MacBook-Air-som-tillhor-Fanny.local) [Debug] 1 [PackageName] OSXEditor [ProjectName] Editor" joined alternative multi-casting on [225.0.0.222:34997]...

Refreshing native plugins compatible for Editor in 85.91 ms, found 3 plugins.
Preloading 0 native plugins for Editor in 0.00 ms.
Initialize engine version: 2021.3.16f1 (4016570cf34f)
[Subsystems] Discovering subsystems at path /Applications/Unity/Hub/Editor/2021.3.16f1/Unity.app/Contents/Resources/UnitySubsystems
[Subsystems] Discovering subsystems at path /Users/fannysjostrom/TechTurtles/Assets
GfxDevice: creating device client; threaded=0; jobified=0
 preferred device: Apple M1 (high power)
Metal devices available: 1
0: Apple M1 (high power)
Using device Apple M1 (high power)
Initializing Metal device caps: Apple M1
Initialize mono
Mono path[0] = '/Applications/Unity/Hub/Editor/2021.3.16f1/Unity.app/Contents/Managed'
Mono path[1] = '/Applications/Unity/Hub/Editor/2021.3.16f1/Unity.app/Contents/MonoBleedingEdge/lib/mono/unityjit-macos'
Mono config path = '/Applications/Unity/Hub/Editor/2021.3.16f1/Unity.app/Contents/MonoBleedingEdge/etc'
Using monoOptions --debugger-agent=transport=dt_socket,embedding=1,server=y,suspend=n,address=127.0.0.1:56127
Begin MonoManager ReloadAssembly
Registering precompiled unity dll's ...
Register platform support module: /Applications/Unity/Hub/Editor/2021.3.16f1/Unity.app/Contents/PlaybackEngines/MacStandaloneSupport/UnityEditor.OSXStandalone.Extensions.dll
Registered in 0.001974 seconds.
Native extension for OSXStandalone target not found
Refreshing native plugins compatible for Editor in 81.44 ms, found 3 plugins.
Preloading 0 native plugins for Editor in 0.00 ms.
Mono: successfully reloaded assembly
- Completed reload, in  0.456 seconds
Domain Reload Profiling:
	ReloadAssembly (456ms)
		BeginReloadAssembly (70ms)
			ExecutionOrderSort (0ms)
			DisableScriptedObjects (0ms)
			BackupInstance (0ms)
			ReleaseScriptingObjects (0ms)
			CreateAndSetChildDomain (0ms)
		EndReloadAssembly (320ms)
			LoadAssemblies (71ms)
			RebuildTransferFunctionScriptingTraits (0ms)
			SetupTypeCache (66ms)
			ReleaseScriptCaches (0ms)
			RebuildScriptCaches (19ms)
			SetupLoadedEditorAssemblies (207ms)
				LogAssemblyErrors (0ms)
				InitializePlatformSupportModulesInManaged (3ms)
				SetLoadedEditorAssemblies (0ms)
				RefreshPlugins (81ms)
				BeforeProcessingInitializeOnLoad (1ms)
				ProcessInitializeOnLoadAttributes (98ms)
				ProcessInitializeOnLoadMethodAttributes (23ms)
				AfterProcessingInitializeOnLoad (0ms)
				EditorAssembliesLoaded (0ms)
			ExecutionOrderSort2 (0ms)
			AwakeInstancesAfterBackupRestoration (0ms)
Platform modules already initialized, skipping
Registering precompiled user dll's ...
Registered in 0.007274 seconds.
Begin MonoManager ReloadAssembly
Symbol file LoadedFromMemory doesn't match image /Users/fannysjostrom/TechTurtles/Library/PackageCache/com.unity.visualscripting@1.8.0/Editor/VisualScripting.Core/Dependencies/YamlDotNet/Unity.VisualScripting.YamlDotNet.dll
Symbol file LoadedFromMemory doesn't match image /Users/fannysjostrom/TechTurtles/Library/PackageCache/com.unity.visualscripting@1.8.0/Editor/VisualScripting.Core/Dependencies/DotNetZip/Unity.VisualScripting.IonicZip.dll
Native extension for OSXStandalone target not found
Refreshing native plugins compatible for Editor in 80.77 ms, found 3 plugins.
Preloading 0 native plugins for Editor in 0.00 ms.
Mono: successfully reloaded assembly
- Completed reload, in  0.775 seconds
Domain Reload Profiling:
	ReloadAssembly (776ms)
		BeginReloadAssembly (58ms)
			ExecutionOrderSort (0ms)
			DisableScriptedObjects (3ms)
			BackupInstance (0ms)
			ReleaseScriptingObjects (0ms)
			CreateAndSetChildDomain (15ms)
		EndReloadAssembly (645ms)
			LoadAssemblies (61ms)
			RebuildTransferFunctionScriptingTraits (0ms)
			SetupTypeCache (165ms)
			ReleaseScriptCaches (0ms)
			RebuildScriptCaches (37ms)
			SetupLoadedEditorAssemblies (353ms)
				LogAssemblyErrors (0ms)
				InitializePlatformSupportModulesInManaged (2ms)
				SetLoadedEditorAssemblies (0ms)
				RefreshPlugins (81ms)
				BeforeProcessingInitializeOnLoad (64ms)
				ProcessInitializeOnLoadAttributes (181ms)
				ProcessInitializeOnLoadMethodAttributes (24ms)
				AfterProcessingInitializeOnLoad (1ms)
				EditorAssembliesLoaded (0ms)
			ExecutionOrderSort2 (0ms)
			AwakeInstancesAfterBackupRestoration (2ms)
Platform modules already initialized, skipping
========================================================================
Worker process is ready to serve import requests
Launching external process: /Applications/Unity/Hub/Editor/2021.3.16f1/Unity.app/Contents/Tools/UnityShaderCompiler
Launched and connected shader compiler UnityShaderCompiler after 0.05 seconds
Refreshing native plugins compatible for Editor in 0.54 ms, found 3 plugins.
Preloading 0 native plugins for Editor in 0.00 ms.
Unloading 4400 Unused Serialized files (Serialized files now loaded: 0)
Unloading 41 unused Assets / (173.8 KB). Loaded Objects now: 4858.
Memory consumption went from 158.8 MB to 158.6 MB.
Total: 2.802792 ms (FindLiveObjects: 0.146084 ms CreateObjectMapping: 0.054208 ms MarkObjects: 2.554167 ms  DeleteObjects: 0.047875 ms)

AssetImportParameters requested are different than current active one (requested -> active):
  custom:video-decoder-ogg-theora: a1e56fd34408186e4bbccfd4996cb3dc -> 
  custom:container-muxer-webm: aa71ff27fc2769a1b78a27578f13a17b -> 
  custom:container-demuxer-webm: 4f35f7cbe854078d1ac9338744f61a02 -> 
  custom:video-encoder-webm-vp8: eb34c28f22e8b96e1ab97ce403110664 -> 
  custom:framework-osx-AVFoundation: e770b220cccbd017edd2c1fefb359320 -> 
  custom:audio-encoder-webm-vorbis: bf7c407c2cedff20999df2af8eb42d56 -> 
  custom:container-demuxer-ogg: 62fdf1f143b41e24485cea50d1cbac27 -> 
  custom:video-decoder-webm-vp8: 9c59270c3fd7afecdb556c50c9e8de78 -> 
  custom:audio-decoder-ogg-vorbis: bf7c407c2cedff20999df2af8eb42d56 -> 
========================================================================
Received Import Request.
  Time since last request: 952216.197206 seconds.
  path: Assets/Pics/Hat_man3.png
  artifactKey: Guid(3506aafeb04d04efca80ccf6c36c53e1) Importer(2089858483,0ecaa5967403d082aa24f35e1b516d23)
Start importing Assets/Pics/Hat_man3.png using Guid(3506aafeb04d04efca80ccf6c36c53e1) Importer(2089858483,0ecaa5967403d082aa24f35e1b516d23)  -> (artifact id: '0cc7688076aa63c9804d0663887fd599') in 0.734608 seconds 
========================================================================
Received Import Request.
  Time since last request: 0.000086 seconds.
  path: Assets/Pics/newhatman.anim
  artifactKey: Guid(c777f609f8d08402394a0a75019f020c) Importer(2089858483,0ecaa5967403d082aa24f35e1b516d23)
Start importing Assets/Pics/newhatman.anim using Guid(c777f609f8d08402394a0a75019f020c) Importer(2089858483,0ecaa5967403d082aa24f35e1b516d23)  -> (artifact id: '1d13633964d616fe15b45ddba8291dff') in 0.041667 seconds 
========================================================================
Received Import Request.
  Time since last request: 0.000058 seconds.
  path: Assets/Pics/goldCoin2.png
  artifactKey: Guid(16d186a95fdad4c4ab2dc0cc1c1961c4) Importer(2089858483,0ecaa5967403d082aa24f35e1b516d23)
Start importing Assets/Pics/goldCoin2.png using Guid(16d186a95fdad4c4ab2dc0cc1c1961c4) Importer(2089858483,0ecaa5967403d082aa24f35e1b516d23)  -> (artifact id: 'dec4d760e1447e246b402cc55ea66380') in 0.009536 seconds 
========================================================================
Received Import Request.
  Time since last request: 0.000031 seconds.
  path: Assets/Scenes/SampleScene.unity
  artifactKey: Guid(2cda990e2423bbf4892e6590ba056729) Importer(2089858483,0ecaa5967403d082aa24f35e1b516d23)
Start importing Assets/Scenes/SampleScene.unity using Guid(2cda990e2423bbf4892e6590ba056729) Importer(2089858483,0ecaa5967403d082aa24f35e1b516d23)  -> (artifact id: 'a91873a09ad0f82285b7137d359cdb21') in 0.001539 seconds 
========================================================================
Received Import Request.
  Time since last request: 0.000070 seconds.
  path: Assets/Pics/goldCoin7.png
  artifactKey: Guid(f8bba473a3af04209ad9dfd9c099811a) Importer(2089858483,0ecaa5967403d082aa24f35e1b516d23)
Start importing Assets/Pics/goldCoin7.png using Guid(f8bba473a3af04209ad9dfd9c099811a) Importer(2089858483,0ecaa5967403d082aa24f35e1b516d23)  -> (artifact id: '914b8dcf4858817d454760d691be3cf5') in 0.009287 seconds 
========================================================================
Received Import Request.
  Time since last request: 0.000067 seconds.
  path: Assets/Pics/goldCoin8.png
  artifactKey: Guid(17ac7f8212326438e838cf8bbfc5c533) Importer(2089858483,0ecaa5967403d082aa24f35e1b516d23)
Start importing Assets/Pics/goldCoin8.png using Guid(17ac7f8212326438e838cf8bbfc5c533) Importer(2089858483,0ecaa5967403d082aa24f35e1b516d23)  -> (artifact id: 'aa15c875f1cdb59dad73303787805091') in 0.009201 seconds 
========================================================================
Received Import Request.
  Time since last request: 0.000063 seconds.
  path: Assets/Scrips/CoinCollector.cs
  artifactKey: Guid(5e33d10ed7f2446a89a11a25ad2f8667) Importer(2089858483,0ecaa5967403d082aa24f35e1b516d23)
Start importing Assets/Scrips/CoinCollector.cs using Guid(5e33d10ed7f2446a89a11a25ad2f8667) Importer(2089858483,0ecaa5967403d082aa24f35e1b516d23)  -> (artifact id: 'd2796d8a8acfd14fe3ecf50cbd5fa744') in 0.116556 seconds 
========================================================================
Received Import Request.
  Time since last request: 0.000033 seconds.
  path: Assets/Pics/Hat_man2.png
  artifactKey: Guid(cc893a8248a394573a6fa098c64bae6e) Importer(2089858483,0ecaa5967403d082aa24f35e1b516d23)
Start importing Assets/Pics/Hat_man2.png using Guid(cc893a8248a394573a6fa098c64bae6e) Importer(2089858483,0ecaa5967403d082aa24f35e1b516d23)  -> (artifact id: '1173462c99bf4ca827203b11dd554233') in 0.010185 seconds 
========================================================================
Received Import Request.
  Time since last request: 0.000078 seconds.
  path: Assets/Pics/goldCoin5.png
  artifactKey: Guid(f1c4e5edcc8574e108e05bb1dd0a8701) Importer(2089858483,0ecaa5967403d082aa24f35e1b516d23)
Start importing Assets/Pics/goldCoin5.png using Guid(f1c4e5edcc8574e108e05bb1dd0a8701) Importer(2089858483,0ecaa5967403d082aa24f35e1b516d23)  -> (artifact id: 'ace2a4d2b2f161444cc8c0b2e10e4287') in 0.008590 seconds 
========================================================================
Received Import Request.
  Time since last request: 0.000043 seconds.
  path: Assets/Pics/New Piskel (1).gif
  artifactKey: Guid(58655e61d76fe459bb6451661d689005) Importer(2089858483,0ecaa5967403d082aa24f35e1b516d23)
Start importing Assets/Pics/New Piskel (1).gif using Guid(58655e61d76fe459bb6451661d689005) Importer(2089858483,0ecaa5967403d082aa24f35e1b516d23)  -> (artifact id: 'd0ea76bc5ba8cee6c2ca16b9a29ee379') in 0.301160 seconds 
========================================================================
Received Import Request.
  Time since last request: 0.000071 seconds.
  path: Assets/Pics/Hat_man1.png
  artifactKey: Guid(78dc1d73f938446bc844512810a5501e) Importer(2089858483,0ecaa5967403d082aa24f35e1b516d23)
Start importing Assets/Pics/Hat_man1.png using Guid(78dc1d73f938446bc844512810a5501e) Importer(2089858483,0ecaa5967403d082aa24f35e1b516d23)  -> (artifact id: '1319430bcf8006f58434f4ae1bb54432') in 0.009546 seconds 
========================================================================
Received Prepare
Refreshing native plugins compatible for Editor in 1.75 ms, found 3 plugins.
Preloading 0 native plugins for Editor in 0.00 ms.
Unloading 27 Unused Serialized files (Serialized files now loaded: 0)
Unloading 27 unused Assets / (39.2 KB). Loaded Objects now: 4858.
Memory consumption went from 87.3 MB to 87.3 MB.
Total: 2.914917 ms (FindLiveObjects: 0.152834 ms CreateObjectMapping: 0.053458 ms MarkObjects: 2.660375 ms  DeleteObjects: 0.047958 ms)

AssetImportParameters requested are different than current active one (requested -> active):
  custom:video-decoder-ogg-theora: a1e56fd34408186e4bbccfd4996cb3dc -> 
  custom:container-muxer-webm: aa71ff27fc2769a1b78a27578f13a17b -> 
  custom:container-demuxer-webm: 4f35f7cbe854078d1ac9338744f61a02 -> 
  custom:video-encoder-webm-vp8: eb34c28f22e8b96e1ab97ce403110664 -> 
  custom:framework-osx-AVFoundation: e770b220cccbd017edd2c1fefb359320 -> 
  custom:audio-encoder-webm-vorbis: bf7c407c2cedff20999df2af8eb42d56 -> 
  custom:SearchIndexIgnoredProperties: e643bd26f0fe6173181afceb89e7c659 -> 
  custom:container-demuxer-ogg: 62fdf1f143b41e24485cea50d1cbac27 -> 
  custom:video-decoder-webm-vp8: 9c59270c3fd7afecdb556c50c9e8de78 -> 
  custom:audio-decoder-ogg-vorbis: bf7c407c2cedff20999df2af8eb42d56 -> 
